app/build/intermediates/manifest_merge_blame_file/release/manifest-merger-blame-release-report.txt
1<?xml version="1.0" encoding="utf-8"?>
2<manifest xmlns:android="http://schemas.android.com/apk/res/android"
3    package="com.example.inovafin"
4    android:versionCode="1"
5    android:versionName="1.0" >
6
7    <uses-sdk
8        android:minSdkVersion="24"
9        android:targetSdkVersion="33" />
10
11    <uses-permission android:name="android.permission.INTERNET" />
11-->src\main\AndroidManifest.xml:5:5-67
11-->src\main\AndroidManifest.xml:5:22-64
12    <uses-permission android:name="android.permission.ACCESS_NETWORK_STATE" />
12-->src\main\AndroidManifest.xml:6:5-79
12-->src\main\AndroidManifest.xml:6:22-76
13
14    <permission
14-->[androidx.core:core:1.9.0] AndroidManifest.xml:22:5-24:47
15        android:name="com.example.inovafin.DYNAMIC_RECEIVER_NOT_EXPORTED_PERMISSION"
15-->[androidx.core:core:1.9.0] AndroidManifest.xml:23:9-81
16        android:protectionLevel="signature" />
16-->[androidx.core:core:1.9.0] AndroidManifest.xml:24:9-44
17
18    <uses-permission android:name="com.example.inovafin.DYNAMIC_RECEIVER_NOT_EXPORTED_PERMISSION" />
18-->[androidx.core:core:1.9.0] AndroidManifest.xml:26:5-97
18-->[androidx.core:core:1.9.0] AndroidManifest.xml:26:22-94
19
20    <application
20-->src\main\AndroidManifest.xml:8:5-107:19
21        android:allowBackup="true"
21-->src\main\AndroidManifest.xml:9:9-35
22        android:appComponentFactory="androidx.core.app.CoreComponentFactory"
22-->[androidx.core:core:1.9.0] AndroidManifest.xml:28:18-86
23        android:dataExtractionRules="@xml/data_extraction_rules"
23-->src\main\AndroidManifest.xml:10:9-65
24        android:extractNativeLibs="false"
25        android:fullBackupContent="@xml/backup_rules"
25-->src\main\AndroidManifest.xml:11:9-54
26        android:icon="@mipmap/ic_launcher"
26-->src\main\AndroidManifest.xml:12:9-43
27        android:label="@string/app_name"
27-->src\main\AndroidManifest.xml:13:9-41
28        android:roundIcon="@mipmap/ic_launcher_round"
28-->src\main\AndroidManifest.xml:14:9-54
29        android:supportsRtl="true"
29-->src\main\AndroidManifest.xml:15:9-35
30        android:theme="@style/Theme.InovaFin" >
30-->src\main\AndroidManifest.xml:16:9-46
31        <activity
31-->src\main\AndroidManifest.xml:18:9-20:40
32            android:name="com.example.inovafin.ContaEscolhida"
32-->src\main\AndroidManifest.xml:19:13-43
33            android:exported="false" />
33-->src\main\AndroidManifest.xml:20:13-37
34        <activity
34-->src\main\AndroidManifest.xml:21:9-23:40
35            android:name="com.example.inovafin.NovaConta"
35-->src\main\AndroidManifest.xml:22:13-38
36            android:exported="false" />
36-->src\main\AndroidManifest.xml:23:13-37
37        <activity
37-->src\main\AndroidManifest.xml:24:9-26:40
38            android:name="com.example.inovafin.ExcluirPagar"
38-->src\main\AndroidManifest.xml:25:13-41
39            android:exported="false" />
39-->src\main\AndroidManifest.xml:26:13-37
40        <activity
40-->src\main\AndroidManifest.xml:27:9-29:40
41            android:name="com.example.inovafin.ExcluirGuardado"
41-->src\main\AndroidManifest.xml:28:13-44
42            android:exported="false" />
42-->src\main\AndroidManifest.xml:29:13-37
43        <activity
43-->src\main\AndroidManifest.xml:30:9-32:40
44            android:name="com.example.inovafin.ExcluirReceber"
44-->src\main\AndroidManifest.xml:31:13-43
45            android:exported="false" />
45-->src\main\AndroidManifest.xml:32:13-37
46        <activity
46-->src\main\AndroidManifest.xml:33:9-35:40
47            android:name="com.example.inovafin.InfoRegistro"
47-->src\main\AndroidManifest.xml:34:13-41
48            android:exported="false" />
48-->src\main\AndroidManifest.xml:35:13-37
49        <activity
49-->src\main\AndroidManifest.xml:36:9-38:40
50            android:name="com.example.inovafin.AdicionarValor"
50-->src\main\AndroidManifest.xml:37:13-43
51            android:exported="false" />
51-->src\main\AndroidManifest.xml:38:13-37
52        <activity
52-->src\main\AndroidManifest.xml:39:9-41:40
53            android:name="com.example.inovafin.SaldoGeralPagar"
53-->src\main\AndroidManifest.xml:40:13-44
54            android:exported="false" />
54-->src\main\AndroidManifest.xml:41:13-37
55        <activity
55-->src\main\AndroidManifest.xml:42:9-44:40
56            android:name="com.example.inovafin.SaldoGeralGuardado"
56-->src\main\AndroidManifest.xml:43:13-47
57            android:exported="false" />
57-->src\main\AndroidManifest.xml:44:13-37
58        <activity
58-->src\main\AndroidManifest.xml:45:9-47:40
59            android:name="com.example.inovafin.SaldoGeralReceber"
59-->src\main\AndroidManifest.xml:46:13-46
60            android:exported="false" />
60-->src\main\AndroidManifest.xml:47:13-37
61        <activity
61-->src\main\AndroidManifest.xml:48:9-50:40
62            android:name="com.example.inovafin.AjudaSaldoGeral"
62-->src\main\AndroidManifest.xml:49:13-44
63            android:exported="false" />
63-->src\main\AndroidManifest.xml:50:13-37
64        <activity
64-->src\main\AndroidManifest.xml:51:9-53:40
65            android:name="com.example.inovafin.EditarPerfil"
65-->src\main\AndroidManifest.xml:52:13-41
66            android:exported="false" />
66-->src\main\AndroidManifest.xml:53:13-37
67        <activity
67-->src\main\AndroidManifest.xml:54:9-56:40
68            android:name="com.example.inovafin.ValorPagar"
68-->src\main\AndroidManifest.xml:55:13-39
69            android:exported="false" />
69-->src\main\AndroidManifest.xml:56:13-37
70        <activity
70-->src\main\AndroidManifest.xml:57:9-59:40
71            android:name="com.example.inovafin.ValorGuardado"
71-->src\main\AndroidManifest.xml:58:13-42
72            android:exported="false" />
72-->src\main\AndroidManifest.xml:59:13-37
73        <activity
73-->src\main\AndroidManifest.xml:60:9-62:40
74            android:name="com.example.inovafin.ValorReceber"
74-->src\main\AndroidManifest.xml:61:13-41
75            android:exported="false" />
75-->src\main\AndroidManifest.xml:62:13-37
76        <activity
76-->src\main\AndroidManifest.xml:63:9-65:40
77            android:name="com.example.inovafin.MinhasContas"
77-->src\main\AndroidManifest.xml:64:13-41
78            android:exported="false" />
78-->src\main\AndroidManifest.xml:65:13-37
79        <activity
79-->src\main\AndroidManifest.xml:66:9-68:40
80            android:name="com.example.inovafin.SaldoGeral"
80-->src\main\AndroidManifest.xml:67:13-39
81            android:exported="false" />
81-->src\main\AndroidManifest.xml:68:13-37
82        <activity
82-->src\main\AndroidManifest.xml:69:9-71:40
83            android:name="com.example.inovafin.Notificacoes"
83-->src\main\AndroidManifest.xml:70:13-41
84            android:exported="false" />
84-->src\main\AndroidManifest.xml:71:13-37
85        <activity
85-->src\main\AndroidManifest.xml:72:9-74:40
86            android:name="com.example.inovafin.Configuracoes"
86-->src\main\AndroidManifest.xml:73:13-42
87            android:exported="false" />
87-->src\main\AndroidManifest.xml:74:13-37
88        <activity
88-->src\main\AndroidManifest.xml:75:9-77:40
89            android:name="com.example.inovafin.SenhaEnviada"
89-->src\main\AndroidManifest.xml:76:13-41
90            android:exported="false" />
90-->src\main\AndroidManifest.xml:77:13-37
91        <activity
91-->src\main\AndroidManifest.xml:78:9-86:20
92            android:name="com.example.inovafin.Home"
92-->src\main\AndroidManifest.xml:79:13-33
93            android:exported="true" >
93-->src\main\AndroidManifest.xml:80:13-36
94            <intent-filter>
94-->src\main\AndroidManifest.xml:81:13-85:29
95                <action android:name="android.intent.action.MAIN" />
95-->src\main\AndroidManifest.xml:82:17-69
95-->src\main\AndroidManifest.xml:82:25-66
96
97                <category android:name="android.intent.category.LAUNCHER" />
97-->src\main\AndroidManifest.xml:84:17-77
97-->src\main\AndroidManifest.xml:84:27-74
98            </intent-filter>
99        </activity>
100        <activity
100-->src\main\AndroidManifest.xml:87:9-89:40
101            android:name="com.example.inovafin.EsqueceuSenha"
101-->src\main\AndroidManifest.xml:88:13-42
102            android:exported="false" />
102-->src\main\AndroidManifest.xml:89:13-37
103        <activity
103-->src\main\AndroidManifest.xml:90:9-92:40
104            android:name="com.example.inovafin.Cadastro"
104-->src\main\AndroidManifest.xml:91:13-37
105            android:exported="false" />
105-->src\main\AndroidManifest.xml:92:13-37
106        <activity
106-->src\main\AndroidManifest.xml:93:9-95:40
107            android:name="com.example.inovafin.Login"
107-->src\main\AndroidManifest.xml:94:13-34
108            android:exported="false" />
108-->src\main\AndroidManifest.xml:95:13-37
109        <activity
109-->src\main\AndroidManifest.xml:96:9-98:40
110            android:name="com.example.inovafin.LoginCadastro"
110-->src\main\AndroidManifest.xml:97:13-42
111            android:exported="false" />
111-->src\main\AndroidManifest.xml:98:13-37
112        <activity
112-->src\main\AndroidManifest.xml:99:9-102:20
113            android:name="com.example.inovafin.SplashScreen"
113-->src\main\AndroidManifest.xml:100:13-41
114            android:exported="false" >
114-->src\main\AndroidManifest.xml:101:13-37
115        </activity>
116
117        <meta-data
117-->src\main\AndroidManifest.xml:104:9-106:57
118            android:name="preloaded_fonts"
118-->src\main\AndroidManifest.xml:105:13-43
119            android:resource="@array/preloaded_fonts" />
119-->src\main\AndroidManifest.xml:106:13-54
120
121        <provider
121-->[androidx.emoji2:emoji2:1.2.0] AndroidManifest.xml:24:9-32:20
122            android:name="androidx.startup.InitializationProvider"
122-->[androidx.emoji2:emoji2:1.2.0] AndroidManifest.xml:25:13-67
123            android:authorities="com.example.inovafin.androidx-startup"
123-->[androidx.emoji2:emoji2:1.2.0] AndroidManifest.xml:26:13-68
124            android:exported="false" >
124-->[androidx.emoji2:emoji2:1.2.0] AndroidManifest.xml:27:13-37
125            <meta-data
125-->[androidx.emoji2:emoji2:1.2.0] AndroidManifest.xml:29:13-31:52
126                android:name="androidx.emoji2.text.EmojiCompatInitializer"
126-->[androidx.emoji2:emoji2:1.2.0] AndroidManifest.xml:30:17-75
127                android:value="androidx.startup" />
127-->[androidx.emoji2:emoji2:1.2.0] AndroidManifest.xml:31:17-49
128            <meta-data
128-->[androidx.lifecycle:lifecycle-process:2.4.1] AndroidManifest.xml:31:13-33:52
129                android:name="androidx.lifecycle.ProcessLifecycleInitializer"
129-->[androidx.lifecycle:lifecycle-process:2.4.1] AndroidManifest.xml:32:17-78
130                android:value="androidx.startup" />
130-->[androidx.lifecycle:lifecycle-process:2.4.1] AndroidManifest.xml:33:17-49
131        </provider>
132    </application>
133
134</manifest>